#
# There is insufficient memory for the Java Runtime Environment to continue.
# Native memory allocation (malloc) failed to allocate 32744 bytes for ChunkPool::allocate
# Possible reasons:
#   The system is out of physical RAM or swap space
#   In 32 bit mode, the process size limit was hit
# Possible solutions:
#   Reduce memory load on the system
#   Increase physical memory or swap space
#   Check if swap backing store is full
#   Use 64 bit Java on a 64 bit OS
#   Decrease Java heap size (-Xmx/-Xms)
#   Decrease number of Java threads
#   Decrease Java thread stack sizes (-Xss)
#   Set larger code cache with -XX:ReservedCodeCacheSize=
# This output file may be truncated or incomplete.
#
#  Out of Memory Error (allocation.cpp:273), pid=4728, tid=0x0000000000002e44
#
# JRE version: Java(TM) SE Runtime Environment (8.0_144-b01) (build 1.8.0_144-b01)
# Java VM: Java HotSpot(TM) 64-Bit Server VM (25.144-b01 mixed mode windows-amd64 compressed oops)
# Failed to write core dump. Minidumps are not enabled by default on client versions of Windows
#

---------------  T H R E A D  ---------------

Current thread (0x0000000015242800):  JavaThread "C2 CompilerThread0" daemon [_thread_in_native, id=11844, stack(0x0000000016880000,0x0000000016980000)]

Stack: [0x0000000016880000,0x0000000016980000]
[error occurred during error reporting (printing stack bounds), id 0xc0000005]

Native frames: (J=compiled Java code, j=interpreted, Vv=VM code, C=native code)


Current CompileTask:
C2:  48398 2181       4       javax.swing.JComponent::repaint (19 bytes)


---------------  P R O C E S S  ---------------

Java Threads: ( => current thread )
  0x0000000019871000 JavaThread "Image Fetcher 0" daemon [_thread_blocked, id=8872, stack(0x000000001b350000,0x000000001b450000)]
  0x00000000175f9000 JavaThread "Thread-3" [_thread_blocked, id=6720, stack(0x000000001b250000,0x000000001b350000)]
  0x0000000017a5e800 JavaThread "Thread-2" [_thread_blocked, id=4264, stack(0x000000001a750000,0x000000001a850000)]
  0x0000000017898800 JavaThread "Abandoned connection cleanup thread" daemon [_thread_blocked, id=4032, stack(0x0000000019480000,0x0000000019580000)]
  0x0000000017735000 JavaThread "TimerQueue" daemon [_thread_blocked, id=3780, stack(0x0000000018590000,0x0000000018690000)]
  0x0000000002c43800 JavaThread "DestroyJavaVM" [_thread_blocked, id=6260, stack(0x0000000002aa0000,0x0000000002ba0000)]
  0x0000000017683800 JavaThread "AWT-EventQueue-0" [_thread_in_native, id=11828, stack(0x0000000018290000,0x0000000018390000)]
  0x0000000017670800 JavaThread "AWT-Windows" daemon [_thread_in_native, id=11644, stack(0x0000000017cc0000,0x0000000017dc0000)]
  0x000000001766d800 JavaThread "AWT-Shutdown" [_thread_blocked, id=3804, stack(0x0000000017bc0000,0x0000000017cc0000)]
  0x000000001766d000 JavaThread "Java2D Disposer" daemon [_thread_blocked, id=5684, stack(0x0000000017ac0000,0x0000000017bc0000)]
  0x000000001529d800 JavaThread "Service Thread" daemon [_thread_blocked, id=2800, stack(0x0000000016f80000,0x0000000017080000)]
  0x000000001524b000 JavaThread "C1 CompilerThread2" daemon [_thread_blocked, id=5748, stack(0x0000000016a80000,0x0000000016b80000)]
  0x0000000015245000 JavaThread "C2 CompilerThread1" daemon [_thread_in_native, id=3428, stack(0x0000000016980000,0x0000000016a80000)]
=>0x0000000015242800 JavaThread "C2 CompilerThread0" daemon [_thread_in_native, id=11844, stack(0x0000000016880000,0x0000000016980000)]
  0x0000000015241800 JavaThread "Attach Listener" daemon [_thread_blocked, id=2720, stack(0x0000000016780000,0x0000000016880000)]
  0x000000001523e000 JavaThread "Signal Dispatcher" daemon [_thread_blocked, id=8552, stack(0x0000000016680000,0x0000000016780000)]
  0x000000001522a800 JavaThread "Finalizer" daemon [_thread_blocked, id=6028, stack(0x0000000016490000,0x0000000016590000)]
  0x0000000002d35000 JavaThread "Reference Handler" daemon [_thread_blocked, id=8792, stack(0x0000000016390000,0x0000000016490000)]

Other Threads:
  0x0000000015206800 VMThread [stack: 0x0000000016290000,0x0000000016390000] [id=9572]
  0x0000000016bd2000 WatcherThread [stack: 0x00000000171c0000,0x00000000172c0000] [id=6556]

VM state:not at safepoint (normal execution)

VM Mutex/Monitor currently owned by a thread: None

Heap:
 PSYoungGen      total 18432K, used 6829K [0x00000000ebb80000, 0x00000000ed000000, 0x0000000100000000)
  eden space 15872K, 27% used [0x00000000ebb80000,0x00000000ebfb1de0,0x00000000ecb00000)
  from space 2560K, 99% used [0x00000000ecd80000,0x00000000ecff99c0,0x00000000ed000000)
  to   space 2560K, 0% used [0x00000000ecb00000,0x00000000ecb00000,0x00000000ecd80000)
 ParOldGen       total 42496K, used 10737K [0x00000000c3200000, 0x00000000c5b80000, 0x00000000ebb80000)
  object space 42496K, 25% used [0x00000000c3200000,0x00000000c3c7c7d8,0x00000000c5b80000)
 Metaspace       used 18137K, capacity 18384K, committed 18816K, reserved 1064960K
  class space    used 2218K, capacity 2310K, committed 2432K, reserved 1048576K

Card table byte_map: [0x0000000012100000,0x00000000122f0000] byte_map_base: 0x0000000011ae7000

Marking Bits: (ParMarkBitMap*) 0x0000000050e7d850
 Begin Bits: [0x0000000012840000, 0x0000000013778000)
 End Bits:   [0x0000000013778000, 0x00000000146b0000)

Polling page: 0x0000000000d40000

CodeCache: size=245760Kb used=6941Kb max_used=6941Kb free=238818Kb
 bounds [0x0000000002d40000, 0x0000000003410000, 0x0000000011d40000]
 total_blobs=2776 nmethods=2202 adapters=486
 compilation: enabled

Compilation events (10 events):
Event: 48.227 Thread 0x000000001524b000 2215       3       java.lang.Class::arrayContentsEq (70 bytes)
Event: 48.228 Thread 0x000000001524b000 nmethod 2215 0x0000000002f25650 code [0x0000000002f257e0, 0x0000000002f25c10]
Event: 48.228 Thread 0x000000001524b000 2216       3       java.util.zip.ZipFile$ZipFileInputStream::<init> (41 bytes)
Event: 48.229 Thread 0x000000001524b000 nmethod 2216 0x0000000002e4ccd0 code [0x0000000002e4ce60, 0x0000000002e4d1f8]
Event: 48.229 Thread 0x000000001524b000 2217       3       java.util.zip.InflaterInputStream::<init> (79 bytes)
Event: 48.230 Thread 0x000000001524b000 nmethod 2217 0x0000000002e4c190 code [0x0000000002e4c340, 0x0000000002e4ca18]
Event: 48.230 Thread 0x000000001524b000 2218   !   3       java.util.zip.ZipFile::getInflater (56 bytes)
Event: 48.231 Thread 0x000000001524b000 nmethod 2218 0x00000000033ff810 code [0x00000000033ffa00, 0x00000000034005d8]
Event: 48.233 Thread 0x000000001524b000 2219       3       java.net.URLClassLoader::defineClass (142 bytes)
Event: 48.236 Thread 0x000000001524b000 nmethod 2219 0x0000000003400c10 code [0x0000000003400f80, 0x0000000003403258]

GC Heap History (4 events):
Event: 1.911 GC heap before
{Heap before GC invocations=1 (full 0):
 PSYoungGen      total 18432K, used 15825K [0x00000000ebb80000, 0x00000000ed000000, 0x0000000100000000)
  eden space 15872K, 99% used [0x00000000ebb80000,0x00000000ecaf46b8,0x00000000ecb00000)
  from space 2560K, 0% used [0x00000000ecd80000,0x00000000ecd80000,0x00000000ed000000)
  to   space 2560K, 0% used [0x00000000ecb00000,0x00000000ecb00000,0x00000000ecd80000)
 ParOldGen       total 42496K, used 0K [0x00000000c3200000, 0x00000000c5b80000, 0x00000000ebb80000)
  object space 42496K, 0% used [0x00000000c3200000,0x00000000c3200000,0x00000000c5b80000)
 Metaspace       used 14223K, capacity 14484K, committed 14720K, reserved 1062912K
  class space    used 1832K, capacity 1912K, committed 1920K, reserved 1048576K
Event: 1.922 GC heap after
Heap after GC invocations=1 (full 0):
 PSYoungGen      total 18432K, used 2543K [0x00000000ebb80000, 0x00000000ed000000, 0x0000000100000000)
  eden space 15872K, 0% used [0x00000000ebb80000,0x00000000ebb80000,0x00000000ecb00000)
  from space 2560K, 99% used [0x00000000ecb00000,0x00000000ecd7bc20,0x00000000ecd80000)
  to   space 2560K, 0% used [0x00000000ecd80000,0x00000000ecd80000,0x00000000ed000000)
 ParOldGen       total 42496K, used 1703K [0x00000000c3200000, 0x00000000c5b80000, 0x00000000ebb80000)
  object space 42496K, 4% used [0x00000000c3200000,0x00000000c33a9f48,0x00000000c5b80000)
 Metaspace       used 14223K, capacity 14484K, committed 14720K, reserved 1062912K
  class space    used 1832K, capacity 1912K, committed 1920K, reserved 1048576K
}
Event: 46.300 GC heap before
{Heap before GC invocations=2 (full 0):
 PSYoungGen      total 18432K, used 18415K [0x00000000ebb80000, 0x00000000ed000000, 0x0000000100000000)
  eden space 15872K, 100% used [0x00000000ebb80000,0x00000000ecb00000,0x00000000ecb00000)
  from space 2560K, 99% used [0x00000000ecb00000,0x00000000ecd7bc20,0x00000000ecd80000)
  to   space 2560K, 0% used [0x00000000ecd80000,0x00000000ecd80000,0x00000000ed000000)
 ParOldGen       total 42496K, used 1703K [0x00000000c3200000, 0x00000000c5b80000, 0x00000000ebb80000)
  object space 42496K, 4% used [0x00000000c3200000,0x00000000c33a9f48,0x00000000c5b80000)
 Metaspace       used 17371K, capacity 17666K, committed 17920K, reserved 1064960K
  class space    used 2132K, capacity 2243K, committed 2304K, reserved 1048576K
Event: 46.318 GC heap after
Heap after GC invocations=2 (full 0):
 PSYoungGen      total 18432K, used 2534K [0x00000000ebb80000, 0x00000000ed000000, 0x0000000100000000)
  eden space 15872K, 0% used [0x00000000ebb80000,0x00000000ebb80000,0x00000000ecb00000)
  from space 2560K, 99% used [0x00000000ecd80000,0x00000000ecff99c0,0x00000000ed000000)
  to   space 2560K, 0% used [0x00000000ecb00000,0x00000000ecb00000,0x00000000ecd80000)
 ParOldGen       total 42496K, used 10737K [0x00000000c3200000, 0x00000000c5b80000, 0x00000000ebb80000)
  object space 42496K, 25% used [0x00000000c3200000,0x00000000c3c7c7d8,0x00000000c5b80000)
 Metaspace       used 17371K, capacity 17666K, committed 17920K, reserved 1064960K
  class space    used 2132K, capacity 2243K, committed 2304K, reserved 1048576K
}

Deoptimization events (10 events):
Event: 46.891 Thread 0x0000000017683800 Uncommon trap: reason=bimorphic action=maybe_recompile pc=0x0000000003279a90 method=javax.swing.UIDefaults.getFromHashtable(Ljava/lang/Object;)Ljava/lang/Object; @ 126
Event: 46.897 Thread 0x0000000017683800 Uncommon trap: reason=unstable_if action=reinterpret pc=0x00000000030a45ac method=sun.misc.MetaIndex.mayContain(Ljava/lang/String;)Z @ 38
Event: 46.903 Thread 0x0000000017683800 Uncommon trap: reason=unstable_if action=reinterpret pc=0x000000000333aea0 method=java.security.AccessController.getContext()Ljava/security/AccessControlContext; @ 5
Event: 47.019 Thread 0x0000000017683800 Uncommon trap: reason=class_check action=maybe_recompile pc=0x00000000033dbcb0 method=javax.swing.RepaintManager.addDirtyRegion0(Ljava/awt/Container;IIII)V @ 91
Event: 47.030 Thread 0x0000000017683800 Uncommon trap: reason=class_check action=maybe_recompile pc=0x00000000033dbcb0 method=javax.swing.RepaintManager.addDirtyRegion0(Ljava/awt/Container;IIII)V @ 91
Event: 47.497 Thread 0x0000000017683800 Uncommon trap: reason=class_check action=maybe_recompile pc=0x00000000033dbcb0 method=javax.swing.RepaintManager.addDirtyRegion0(Ljava/awt/Container;IIII)V @ 91
Event: 47.665 Thread 0x0000000017683800 Uncommon trap: reason=class_check action=maybe_recompile pc=0x00000000033dbcb0 method=javax.swing.RepaintManager.addDirtyRegion0(Ljava/awt/Container;IIII)V @ 91
Event: 47.775 Thread 0x0000000017683800 Uncommon trap: reason=unstable_if action=reinterpret pc=0x000000000334fde0 method=java.awt.EventQueue.getPriority(Ljava/awt/AWTEvent;)I @ 22
Event: 48.162 Thread 0x0000000017683800 Uncommon trap: reason=unstable_if action=reinterpret pc=0x00000000030ad140 method=java.util.Properties$LineReader.readLine()I @ 252
Event: 48.163 Thread 0x0000000017683800 Uncommon trap: reason=unstable_if action=reinterpret pc=0x0000000003071238 method=java.util.Properties$LineReader.readLine()I @ 252

Internal exceptions (10 events):
Event: 0.317 Thread 0x0000000002c43800 Exception <a 'java/security/PrivilegedActionException'> (0x00000000ebd5b6c8) thrown at [C:\re\workspace\8-2-build-windows-amd64-cygwin\jdk8u144\9417\hotspot\src\share\vm\prims\jvm.cpp, line 1390]
Event: 0.317 Thread 0x0000000002c43800 Exception <a 'java/security/PrivilegedActionException'> (0x00000000ebd5b8d8) thrown at [C:\re\workspace\8-2-build-windows-amd64-cygwin\jdk8u144\9417\hotspot\src\share\vm\prims\jvm.cpp, line 1390]
Event: 0.423 Thread 0x0000000002c43800 Exception <a 'java/security/PrivilegedActionException'> (0x00000000ebe03238) thrown at [C:\re\workspace\8-2-build-windows-amd64-cygwin\jdk8u144\9417\hotspot\src\share\vm\prims\jvm.cpp, line 1390]
Event: 0.423 Thread 0x0000000002c43800 Exception <a 'java/security/PrivilegedActionException'> (0x00000000ebe03448) thrown at [C:\re\workspace\8-2-build-windows-amd64-cygwin\jdk8u144\9417\hotspot\src\share\vm\prims\jvm.cpp, line 1390]
Event: 0.426 Thread 0x0000000002c43800 Exception <a 'java/security/PrivilegedActionException'> (0x00000000ebe07358) thrown at [C:\re\workspace\8-2-build-windows-amd64-cygwin\jdk8u144\9417\hotspot\src\share\vm\prims\jvm.cpp, line 1390]
Event: 0.426 Thread 0x0000000002c43800 Exception <a 'java/security/PrivilegedActionException'> (0x00000000ebe07568) thrown at [C:\re\workspace\8-2-build-windows-amd64-cygwin\jdk8u144\9417\hotspot\src\share\vm\prims\jvm.cpp, line 1390]
Event: 0.442 Thread 0x0000000002c43800 Exception <a 'java/io/FileNotFoundException'> (0x00000000ebe097e0) thrown at [C:\re\workspace\8-2-build-windows-amd64-cygwin\jdk8u144\9417\hotspot\src\share\vm\prims\jni.cpp, line 709]
Event: 0.539 Thread 0x0000000002c43800 Exception <a 'java/lang/NoSuchFieldError': method resolution failed> (0x00000000ebed75d0) thrown at [C:\re\workspace\8-2-build-windows-amd64-cygwin\jdk8u144\9417\hotspot\src\share\vm\prims\methodHandles.cpp, line 1146]
Event: 0.543 Thread 0x0000000002c43800 Exception <a 'java/lang/NoSuchFieldError': method resolution failed> (0x00000000ebee4920) thrown at [C:\re\workspace\8-2-build-windows-amd64-cygwin\jdk8u144\9417\hotspot\src\share\vm\prims\methodHandles.cpp, line 1146]
Event: 0.684 Thread 0x0000000002c43800 Exception <a 'java/io/FileNotFoundException'> (0x00000000ec015f60) thrown at [C:\re\workspace\8-2-build-windows-amd64-cygwin\jdk8u144\9417\hotspot\src\share\vm\prims\jni.cpp, line 709]

Events (10 events):
Event: 48.237 loading class org/apache/log4j/Hierarchy
Event: 48.237 loading class org/apache/log4j/Hierarchy done
Event: 48.238 loading class org/apache/log4j/spi/RendererSupport
Event: 48.238 loading class org/apache/log4j/spi/RendererSupport done
Event: 48.238 loading class org/apache/log4j/ProvisionNode
Event: 48.238 loading class org/apache/log4j/ProvisionNode done
Event: 48.239 loading class org/apache/log4j/spi/LoggerFactory
Event: 48.239 loading class org/apache/log4j/spi/LoggerFactory done
Event: 48.240 loading class org/apache/log4j/or/RendererMap
Event: 48.240 loading class org/apache/log4j/or/RendererMap done


Dynamic libraries:
0x00007ff701a80000 - 0x00007ff701ab7000 	C:\Program Files\Java\jdk1.8.0_144\bin\java.exe
0x00007ffbf6ae0000 - 0x00007ffbf6cc1000 	C:\WINDOWS\SYSTEM32\ntdll.dll
0x00007ffbf4c80000 - 0x00007ffbf4d32000 	C:\WINDOWS\System32\KERNEL32.DLL
0x00007ffbf34c0000 - 0x00007ffbf3733000 	C:\WINDOWS\System32\KERNELBASE.dll
0x00007ffbf4380000 - 0x00007ffbf4421000 	C:\WINDOWS\System32\ADVAPI32.dll
0x00007ffbf4be0000 - 0x00007ffbf4c7e000 	C:\WINDOWS\System32\msvcrt.dll
0x00007ffbf4e10000 - 0x00007ffbf4e6b000 	C:\WINDOWS\System32\sechost.dll
0x00007ffbf46e0000 - 0x00007ffbf4804000 	C:\WINDOWS\System32\RPCRT4.dll
0x00007ffbf6920000 - 0x00007ffbf6ab0000 	C:\WINDOWS\System32\USER32.dll
0x00007ffbf3f50000 - 0x00007ffbf3f70000 	C:\WINDOWS\System32\win32u.dll
0x00007ffbf4ef0000 - 0x00007ffbf4f18000 	C:\WINDOWS\System32\GDI32.dll
0x00007ffbf32a0000 - 0x00007ffbf3432000 	C:\WINDOWS\System32\gdi32full.dll
0x00007ffbf3eb0000 - 0x00007ffbf3f4f000 	C:\WINDOWS\System32\msvcp_win.dll
0x00007ffbf3150000 - 0x00007ffbf3248000 	C:\WINDOWS\System32\ucrtbase.dll
0x00007ffbe43f0000 - 0x00007ffbe4659000 	C:\WINDOWS\WinSxS\amd64_microsoft.windows.common-controls_6595b64144ccf1df_6.0.17134.648_none_fb45a0e93062a6d2\COMCTL32.dll
0x00007ffbf3ff0000 - 0x00007ffbf4312000 	C:\WINDOWS\System32\combase.dll
0x00007ffbf3440000 - 0x00007ffbf34ba000 	C:\WINDOWS\System32\bcryptPrimitives.dll
0x00007ffbf4a90000 - 0x00007ffbf4abd000 	C:\WINDOWS\System32\IMM32.DLL
0x0000000050580000 - 0x0000000050652000 	C:\Program Files\Java\jdk1.8.0_144\jre\bin\msvcr100.dll
0x0000000050660000 - 0x0000000050efd000 	C:\Program Files\Java\jdk1.8.0_144\jre\bin\server\jvm.dll
0x00007ffbf4990000 - 0x00007ffbf4998000 	C:\WINDOWS\System32\PSAPI.DLL
0x00007ffbef170000 - 0x00007ffbef179000 	C:\WINDOWS\SYSTEM32\WSOCK32.dll
0x00007ffbefa40000 - 0x00007ffbefa63000 	C:\WINDOWS\SYSTEM32\WINMM.dll
0x00007ffbf4b70000 - 0x00007ffbf4bdc000 	C:\WINDOWS\System32\WS2_32.dll
0x00007ffbe9580000 - 0x00007ffbe958a000 	C:\WINDOWS\SYSTEM32\VERSION.dll
0x00007ffbefa10000 - 0x00007ffbefa3a000 	C:\WINDOWS\SYSTEM32\WINMMBASE.dll
0x00007ffbf3250000 - 0x00007ffbf3299000 	C:\WINDOWS\System32\cfgmgr32.dll
0x0000000050530000 - 0x000000005053f000 	C:\Program Files\Java\jdk1.8.0_144\jre\bin\verify.dll
0x0000000050500000 - 0x0000000050529000 	C:\Program Files\Java\jdk1.8.0_144\jre\bin\java.dll
0x00000000504e0000 - 0x00000000504f6000 	C:\Program Files\Java\jdk1.8.0_144\jre\bin\zip.dll
0x00007ffbf4f30000 - 0x00007ffbf6370000 	C:\WINDOWS\System32\SHELL32.dll
0x00007ffbf4ac0000 - 0x00007ffbf4b69000 	C:\WINDOWS\System32\shcore.dll
0x00007ffbf3740000 - 0x00007ffbf3e4d000 	C:\WINDOWS\System32\windows.storage.dll
0x00007ffbf4320000 - 0x00007ffbf4371000 	C:\WINDOWS\System32\shlwapi.dll
0x00007ffbf2df0000 - 0x00007ffbf2e01000 	C:\WINDOWS\System32\kernel.appcore.dll
0x00007ffbf2e40000 - 0x00007ffbf2e5f000 	C:\WINDOWS\System32\profapi.dll
0x00007ffbf2e60000 - 0x00007ffbf2eac000 	C:\WINDOWS\System32\powrprof.dll
0x00007ffbf2e10000 - 0x00007ffbf2e1a000 	C:\WINDOWS\System32\FLTLIB.DLL
0x0000000050300000 - 0x0000000050498000 	C:\Program Files\Java\jdk1.8.0_144\jre\bin\awt.dll
0x00007ffbf4d40000 - 0x00007ffbf4e03000 	C:\WINDOWS\System32\OLEAUT32.dll
0x00007ffbf1180000 - 0x00007ffbf120b000 	C:\WINDOWS\SYSTEM32\apphelp.dll
0x00007ffbf12f0000 - 0x00007ffbf1388000 	C:\WINDOWS\system32\uxtheme.dll
0x00007ffbf4810000 - 0x00007ffbf4983000 	C:\WINDOWS\System32\MSCTF.dll
0x00007ffbf1580000 - 0x00007ffbf15a9000 	C:\WINDOWS\system32\dwmapi.dll
0x00007ffbf67c0000 - 0x00007ffbf6911000 	C:\WINDOWS\System32\ole32.dll
0x00007ffbd0270000 - 0x00007ffbd0390000 	C:\WINDOWS\system32\opengl32.dll
0x00007ffbe54a0000 - 0x00007ffbe54cc000 	C:\WINDOWS\SYSTEM32\GLU32.dll
0x00000000502b0000 - 0x00000000502f7000 	C:\Program Files\Java\jdk1.8.0_144\jre\bin\fontmanager.dll
0x00000000504c0000 - 0x00000000504da000 	C:\Program Files\Java\jdk1.8.0_144\jre\bin\net.dll
0x00007ffbf2670000 - 0x00007ffbf26d6000 	C:\WINDOWS\system32\mswsock.dll
0x00000000504a0000 - 0x00000000504b1000 	C:\Program Files\Java\jdk1.8.0_144\jre\bin\nio.dll
0x0000000050260000 - 0x00000000502a2000 	C:\Program Files\Java\jdk1.8.0_144\jre\bin\t2k.dll
0x00000000501e0000 - 0x0000000050211000 	C:\Program Files\Java\jdk1.8.0_144\jre\bin\jpeg.dll
0x00007ffbf4490000 - 0x00007ffbf4530000 	C:\WINDOWS\System32\clbcatq.dll
0x00007ffbeeab0000 - 0x00007ffbeec5e000 	C:\WINDOWS\SYSTEM32\WindowsCodecs.dll
0x00007ffbdaa70000 - 0x00007ffbdaac8000 	C:\WINDOWS\system32\dataexchange.dll
0x00007ffbf0a90000 - 0x00007ffbf0c2c000 	C:\WINDOWS\system32\dcomp.dll
0x00007ffbf01b0000 - 0x00007ffbf04bb000 	C:\WINDOWS\system32\d3d11.dll
0x00007ffbf1bb0000 - 0x00007ffbf1c6b000 	C:\WINDOWS\system32\dxgi.dll
0x00007ffbf1710000 - 0x00007ffbf18c8000 	C:\WINDOWS\system32\twinapi.appcore.dll
0x00007ffbf1660000 - 0x00007ffbf1689000 	C:\WINDOWS\system32\RMCLIENT.dll
0x00007ffbf2430000 - 0x00007ffbf24ee000 	C:\WINDOWS\SYSTEM32\DNSAPI.dll
0x00007ffbf4f20000 - 0x00007ffbf4f28000 	C:\WINDOWS\System32\NSI.dll
0x00007ffbf23f0000 - 0x00007ffbf2428000 	C:\WINDOWS\SYSTEM32\IPHLPAPI.DLL
0x00007ffbea800000 - 0x00007ffbea80a000 	C:\Windows\System32\rasadhlp.dll
0x00007ffbeb8b0000 - 0x00007ffbeb922000 	C:\WINDOWS\System32\fwpuclnt.dll
0x00007ffbf2950000 - 0x00007ffbf2975000 	C:\WINDOWS\SYSTEM32\bcrypt.dll
0x00007ffbe71e0000 - 0x00007ffbe7276000 	C:\WINDOWS\System32\TextInputFramework.dll
0x00007ffbee5a0000 - 0x00007ffbee8be000 	C:\WINDOWS\System32\CoreUIComponents.dll
0x00007ffbf0c30000 - 0x00007ffbf0d0a000 	C:\WINDOWS\System32\CoreMessaging.dll
0x00007ffbf1ee0000 - 0x00007ffbf1f11000 	C:\WINDOWS\SYSTEM32\ntmarta.dll
0x00007ffbeef00000 - 0x00007ffbef04d000 	C:\WINDOWS\SYSTEM32\wintypes.dll

VM Arguments:
jvm_args: -Dfile.encoding=UTF-8 
java_command: reception.fin
java_class_path (initial): C:\Users\LEVY\Documents\NetBeansProjects\GIIMS\mysql-connector-java-8.0.13\mysql-connector-java-8.0.13.jar;C:\Users\LEVY\Documents\NetBeansProjects\GIIMS\mysql-connector-java-8.0.13\lib\c3p0-0.9.1-pre6.jar;C:\Users\LEVY\Documents\NetBeansProjects\GIIMS\mysql-connector-java-8.0.13\lib\jboss-common-jdbc-wrapper-src.jar;C:\Users\LEVY\Documents\NetBeansProjects\GIIMS\mysql-connector-java-8.0.13\lib\jboss-common-jdbc-wrapper.jar;C:\Users\LEVY\Documents\NetBeansProjects\GIIMS\mysql-connector-java-8.0.13\lib\protobuf-java-3.6.1.jar;C:\Users\LEVY\Documents\NetBeansProjects\GIIMS\mysql-connector-java-8.0.13\lib\slf4j-api-1.6.1.jar;C:\Users\LEVY\Documents\NetBeansProjects\GIIMS\jasperreports-4.7.0\dist\jasperreports-4.7.0.jar;C:\Users\LEVY\Documents\NetBeansProjects\GIIMS\jasperreports-4.7.0\dist\jasperreports-applet-4.7.0.jar;C:\Users\LEVY\Documents\NetBeansProjects\GIIMS\jasperreports-4.7.0\dist\jasperreports-fonts-4.7.0.jar;C:\Users\LEVY\Documents\NetBeansProjects\GIIMS\jasperreports-4.7.0\dist\jasperreports-javaflow-4.7.0.jar;C:\Users\LEVY\Documents\NetBeansProjects\GIIMS\jasperreports-4.7.0\lib\ant-1.7.1.jar;C:\Users\LEVY\Documents\NetBeansProjects\GIIMS\jasperreports-4.7.0\lib\antlr-2.7.5.jar;C:\Users\LEVY\Documents\NetBeansProjects\GIIMS\jasperreports-4.7.0\lib\barbecue-1.5-beta1.jar;C:\Users\LEVY\Documents\NetBeansProjects\GIIMS\jasperreports-4.7.0\lib\barcode4j-2.0.jar;C:\Users\LEVY\Documents\NetBeansProjects\GIIMS\jasperreports-4.7.0\lib\batik-anim.jar;C:\Users\LEVY\Documents\NetBeansProjects\GIIMS\jasperreports-4.7.0\lib\batik-awt-util.jar;C:\Users\LEVY\Documents\NetBeansProjects\GIIMS\jasperreports-4.7.0\lib\batik-bridge.jar;C:\Users\LEVY\Documents\NetBeansProjects\GIIMS\jasperreports-4.7.0\lib\batik-css.jar;C:\Users\LEVY\Documents\NetBeansProjects\GIIMS\jasperreports-4.7.0\lib\batik-dom.jar;C:\Users\LEVY\Documents\NetBeansProjects\GIIMS\jasperreports-4.7.0\lib\batik-ext.jar;C:\Users\LEVY\Documents\NetBeansProjects\GIIMS\jasperreports-
Launcher Type: SUN_STANDARD

Environment Variables:
JAVA_HOME=C:\Program Files\Java\jdk1.7.0_80
PATH=C:\Program Files (x86)\Common Files\Oracle\Java\javapath;C:\ProgramData\Oracle\Java\javapath;C:\WINDOWS\system32;C:\WINDOWS;C:\WINDOWS\System32\Wbem;C:\WINDOWS\System32\WindowsPowerShell\v1.0\C:\Program Files\Java\jdk1.8.0_144\C:\Program Files\Java\jdk1.8.0_144\jre;C:\WINDOWS\System32\WindowsPowerShell\v1.0\;c:\Program Files (x86)\Microsoft SQL Server\100\Tools\Binn\;c:\Program Files\Microsoft SQL Server\100\Tools\Binn\;c:\Program Files\Microsoft SQL Server\100\DTS\Binn\;C:\Program Files\dotnet\;C:\Program Files\Microsoft SQL Server\130\Tools\Binn\;C:\WINDOWS\System32\OpenSSH\;c:\Program Files (x86)\Microsoft SQL Server\90\Tools\binn\;C:\xampp\php;C:\Program Files\Microsoft SQL Server\110\Tools\Binn\;C:\python\Python37;C:\ProgramData\ComposerSetup\bin;C:\Program Files\Java\jdk1.8.0_144\jre\bin;C:\Program Files\Java\jdk1.7.0_80;C:\Program Files\nodejs\;C:\Program Files\Git\cmd;C:\Users\LEVY\AppData\Local\Programs\Python\Python37-32\Scripts\;C:\Users\LEVY\AppData\Local\Programs\Python\Python37-32\;C:\Python\Python37\Scripts\;C:\Python\Python37\;C:\Users\LEVY\AppData\Local\Microsoft\WindowsApps;;C:\Users\LEVY\AppData\Roaming\Composer\vendor\bin;C:\Users\LEVY\AppData\Local\JetBrains\PyCharm Community Edition 2019.2.3\bin;;C:\Users\LEVY\AppData\Local\Programs\Microsoft VS Code\bin;C:\Users\LEVY\AppData\Roaming\npm
USERNAME=LEVY
OS=Windows_NT
PROCESSOR_IDENTIFIER=Intel64 Family 6 Model 37 Stepping 2, GenuineIntel



---------------  S Y S T E M  ---------------

OS: Windows 10.0 , 64 bit Build 17134 (10.0.17134.648)

CPU:total 4 (initial active 4) (2 cores per cpu, 2 threads per core) family 6 model 37 stepping 2, cmov, cx8, fxsr, mmx, sse, sse2, sse3, ssse3, sse4.1, sse4.2, popcnt, aes, clmul, ht, tsc, tscinvbit

Memory: 4k page, physical 3983160k(424284k free), swap 8079156k(432k free)

vm_info: Java HotSpot(TM) 64-Bit Server VM (25.144-b01) for windows-amd64 JRE (1.8.0_144-b01), built on Jul 21 2017 21:57:33 by "java_re" with MS VC++ 10.0 (VS2010)

time: Wed Jan 01 23:22:44 2020
elapsed time: 48 seconds (0d 0h 0m 48s)

